<?xml version="1.0" encoding="UTF-8"?>
<!-- Generated by org.testng.reporters.JUnitReportReporter -->
<testsuite skipped="0" hostname="Artis-MBP.fios-router.home" name="org.example.testcases.AddCustomerTest" tests="3" failures="0" timestamp="2021-04-01T13:52:12 EDT" time="10.132" errors="0">
  <testcase name="addCustomer" time="3.350" classname="org.example.testcases.AddCustomerTest"/>
  <system-out/>
  <testcase name="addCustomer" time="3.420" classname="org.example.testcases.AddCustomerTest"/>
  <system-out/>
  <testcase name="addCustomer" time="3.362" classname="org.example.testcases.AddCustomerTest"/>
  <system-out/>
</testsuite> <!-- org.example.testcases.AddCustomerTest -->
