<?xml version="1.0" encoding="UTF-8"?>
<!-- Generated by org.testng.reporters.JUnitReportReporter -->
<testsuite skipped="0" hostname="Artis-MBP.fios-router.home" name="org.example.testcases.BankManagerLoginTest" tests="1" failures="0" timestamp="2021-03-31T09:14:31 EDT" time="3.293" errors="0">
  <testcase name="loginAsManager" time="3.293" classname="org.example.testcases.BankManagerLoginTest"/>
  <system-out/>
</testsuite> <!-- org.example.testcases.BankManagerLoginTest -->
