<?xml version="1.0" encoding="UTF-8"?>
<!-- Generated by org.testng.reporters.JUnitReportReporter -->
<testsuite skipped="0" hostname="Artis-MBP.fios-router.home" name="org.example.testcases.AddCustomerTest" tests="3" failures="0" timestamp="2021-04-01T18:23:24 EDT" time="10.087" errors="0">
  <testcase name="addCustomer" time="3.334" classname="org.example.testcases.AddCustomerTest"/>
  <system-out/>
  <testcase name="addCustomer" time="3.380" classname="org.example.testcases.AddCustomerTest"/>
  <system-out/>
  <testcase name="addCustomer" time="3.373" classname="org.example.testcases.AddCustomerTest"/>
  <system-out/>
</testsuite> <!-- org.example.testcases.AddCustomerTest -->
